Reading invoke payload from stdin (you can also pass it from file with --event)
Invoking index.handler (nodejs12.x)
airtoursappsyncModulesBEED5E65 is a local Layer in the template
Building image...........
Skip pulling image and use local one: samcli/lambda:nodejs12.x-bf22e263f46417f440b096b12.

Mounting /home/akrsmv/aarts-all/example-app/airtours-appsync/airtours-appsync/dist as /var/task:ro,delegated inside runtime container
[32mSTART RequestId: 3b79bd07-6785-15a3-b9fd-b076103612d9 Version: $LATEST[0m
2020-10-15T18:15:20.890Z	3b79bd07-6785-15a3-b9fd-b076103612d9	INFO	{
  ringTokenSource: undefined,
  message: '[\n' +
    '    "received SQS message: ",\n' +
    '    "{\\n    \\"Records\\": [\\n        {\\n            \\"messageId\\": \\"19dd0b57-b21e-4ac1-bd88-01bbb068cb78\\",\\n            \\"receiptHandle\\": \\"MessageReceiptHandle\\",\\n            \\"body\\": \\"{\\\\\\"payload\\\\\\":{\\\\\\"action\\\\\\":\\\\\\"create\\\\\\",\\\\\\"item\\\\\\":\\\\\\"Airport\\\\\\",\\\\\\"jobType\\\\\\":\\\\\\"short\\\\\\",\\\\\\"arguments\\\\\\":{\\\\\\"name\\\\\\":\\\\\\"my org\\\\\\"},\\\\\\"identity\\\\\\":{\\\\\\"username\\\\\\":\\\\\\"akrsmv\\\\\\"}}}\\",\\n            \\"attributes\\": {\\n                \\"ApproximateReceiveCount\\": \\"1\\",\\n                \\"SentTimestamp\\": \\"1523232000000\\",\\n                \\"SenderId\\": \\"123456789012\\",\\n                \\"ApproximateFirstReceiveTimestamp\\": \\"1523232000001\\"\\n            },\\n            \\"messageAttributes\\": {\\n                \\"eventSource\\": {\\n                    \\"dataType\\": \\"String\\",\\n                    \\"stringValue\\": \\"worker:input:short\\"\\n                },\\n                \\"action\\": {\\n                    \\"dataType\\": \\"String\\",\\n                    \\"stringValue\\": \\"create\\"\\n                },\\n                \\"item\\": {\\n                    \\"dataType\\": \\"String\\",\\n                    \\"stringValue\\": \\"Airport\\"\\n                },\\n                \\"ringToken\\": {\\n                    \\"dataType\\": \\"String\\",\\n                    \\"stringValue\\": \\"1602785715148_590657.0348228881\\"\\n                }\\n            },\\n            \\"md5OfBody\\": \\"7b270e59b47ff90a553787216d55d91d\\",\\n            \\"eventSource\\": \\"aws:sqs\\",\\n            \\"eventSourceARN\\": \\"arn:aws:sqs:us-east-1:123456789012:MyQueue\\",\\n            \\"awsRegion\\": \\"us-east-1\\"\\n        }\\n    ]\\n}"\n' +
    ']'
}
2020-10-15T18:15:20.891Z	3b79bd07-6785-15a3-b9fd-b076103612d9	INFO	{
  ringTokenSource: undefined,
  message: '[\n' +
    '    "parsed aartsEvent from SQS is ",\n' +
    '    "{\\n    \\"payload\\": {\\n        \\"action\\": \\"create\\",\\n        \\"item\\": \\"Airport\\",\\n        \\"jobType\\": \\"short\\",\\n        \\"arguments\\": {\\n            \\"name\\": \\"my org\\"\\n        },\\n        \\"identity\\": {\\n            \\"username\\": \\"akrsmv\\"\\n        }\\n    },\\n    \\"meta\\": {\\n        \\"item\\": \\"Airport\\",\\n        \\"action\\": \\"create\\",\\n        \\"ringToken\\": \\"1602785715148_590657.0348228881\\",\\n        \\"eventSource\\": \\"worker:input:short\\"\\n    }\\n}"\n' +
    ']'
}
2020-10-15T18:15:20.892Z	3b79bd07-6785-15a3-b9fd-b076103612d9	INFO	{
  ringTokenSource: '1602785715148_590657.0348228881',
  message: '[\n' +
    '    "Received input ",\n' +
    '    {\n' +
    '        "payload": {\n' +
    '            "action": "create",\n' +
    '            "item": "Airport",\n' +
    '            "jobType": "short",\n' +
    '            "arguments": {\n' +
    '                "name": "my org"\n' +
    '            },\n' +
    '            "identity": {\n' +
    '                "username": "akrsmv"\n' +
    '            }\n' +
    '        },\n' +
    '        "meta": {\n' +
    '            "item": "Airport",\n' +
    '            "action": "create",\n' +
    '            "ringToken": "1602785715148_590657.0348228881",\n' +
    '            "eventSource": "worker:input:short"\n' +
    '        }\n' +
    '    }\n' +
    ']'
}
2020-10-15T18:15:20.893Z	3b79bd07-6785-15a3-b9fd-b076103612d9	INFO	--->MOCK SNS/MESSAGE START {
  Message: '{"payload":{"resultItems":[{"message":"[AartsHandler:processPayloadAsync] Received payload: {\\n    \\"payload\\": {\\n        \\"action\\": \\"create\\",\\n        \\"item\\": \\"Airport\\",\\n        \\"jobType\\": \\"short\\",\\n        \\"arguments\\": {\\n            \\"name\\": \\"my org\\"\\n        },\\n        \\"identity\\": {\\n            \\"username\\": \\"akrsmv\\"\\n        }\\n    },\\n    \\"meta\\": {\\n        \\"item\\": \\"Airport\\",\\n        \\"action\\": \\"create\\",\\n        \\"ringToken\\": \\"1602785715148_590657.0348228881\\",\\n        \\"eventSource\\": \\"worker:input:short\\"\\n    }\\n}"}],"identity":{"username":"akrsmv"}},"meta":{"item":"Airport","action":"create","ringToken":"1602785715148_590657.0348228881","eventSource":"worker:input:short"}}',
  MessageAttributes: {
    eventSource: { DataType: 'String', StringValue: 'worker:output:' },
    jobType: { DataType: 'String', StringValue: 'short' },
    action: { DataType: 'String', StringValue: 'create' },
    item: { DataType: 'String', StringValue: 'Airport' },
    ringToken: {
      DataType: 'String',
      StringValue: '1602785715148_590657.0348228881'
    }
  },
  TopicArn: 'EventsBus45DE4339'
} <---MOCK SNS/MESSAGE END
2020-10-15T18:15:20.893Z	3b79bd07-6785-15a3-b9fd-b076103612d9	INFO	{
  ringTokenSource: '1602785715148_590657.0348228881',
  message: '[\n' +
    '    "[Airport:create] ",\n' +
    '    "{\\n    \\"payload\\": {\\n        \\"resultItems\\": {\\n            \\"message\\": \\"[AartsHandler:processPayloadAsync] Checking item manager for type Airport\\"\\n        }\\n    },\\n    \\"meta\\": {\\n        \\"item\\": \\"Airport\\",\\n        \\"action\\": \\"create\\",\\n        \\"ringToken\\": \\"1602785715148_590657.0348228881\\",\\n        \\"eventSource\\": \\"worker:input:short\\"\\n    }\\n}"\n' +
    ']'
}
2020-10-15T18:15:20.893Z	3b79bd07-6785-15a3-b9fd-b076103612d9	INFO	--->MOCK SNS/MESSAGE START {
  Message: '{"payload":{"resultItems":{"message":"[AartsHandler:processPayloadAsync] Checking item manager for type Airport"},"identity":{"username":"akrsmv"}},"meta":{"item":"Airport","action":"create","ringToken":"1602785715148_590657.0348228881","eventSource":"worker:input:short"}}',
  MessageAttributes: {
    eventSource: { DataType: 'String', StringValue: 'worker:output:' },
    jobType: { DataType: 'String', StringValue: 'short' },
    action: { DataType: 'String', StringValue: 'create' },
    item: { DataType: 'String', StringValue: 'Airport' },
    ringToken: {
      DataType: 'String',
      StringValue: '1602785715148_590657.0348228881'
    }
  },
  TopicArn: 'EventsBus45DE4339'
} <---MOCK SNS/MESSAGE END
2020-10-15T18:15:20.893Z	3b79bd07-6785-15a3-b9fd-b076103612d9	INFO	====================== mamnager is  AirportManager {
  lookupItems: Map {
    'Airport' => [Function: _specs_AirportItem],
    'Airplane' => [Function: _specs_AirplaneItem],
    'AirplaneManifacturer' => [Function: _specs_AirplaneManifacturerItem],
    'AirplaneModel' => [Function: _specs_AirplaneModelItem],
    'Country' => [Function: _specs_CountryItem],
    'Flight' => [Function: _specs_FlightItem],
    'Tourist' => [Function: _specs_TouristItem],
    'TouristSeason' => [Function: _specs_TouristSeasonItem],
    'Invoice' => [Function: _specs_InvoiceItem],
    'Order' => [Function: _specs_OrderItem],
    'City' => [Function: CityItem],
    'Pilot' => [Function: PilotItem],
    'Proc__AirtoursDataImporter' => [Function: _specs_DataImporterItem],
    'Proc__EraseData' => [Function: _specs_EraseDataItem],
    'Proc__TestDataGenSingleLambda' => [Function: SingleLambdaTestDataGeneratorItem],
    'Proc__TestDataGenMultipleLambda' => [Function: MultipleLambdaTestDataGeneratorItem],
    'Proc__TestDataGenSingleLambdaIdmpt' => [Function: IdmptSingleLambdaTestDataGeneratorItem],
    'Proc__TestDataGenMultipleLambdaIdmpt' => [Function: IdmptMultipleLambdaTestDataGeneratorItem],
    'Proc__TestDataGenMultipleLambdaIdmptChunks' => [Function: IdmptChunksMultipleLambdaTestDataGeneratorItem],
    'Proc__CreateTourists' => [Function: CreateTouristByPublishingEventItem],
    'Proc__GenerateInvoices' => [Function: GenerateInvoicesItem],
    'queryCustom' => [Function: _specs_QueryCustomItem]
  }
}
2020-10-15T18:15:20.894Z	3b79bd07-6785-15a3-b9fd-b076103612d9	INFO	{
  ringTokenSource: '1602785715148_590657.0348228881',
  message: '[\n' +
    '    "[Airport:create] ",\n' +
    '    "{\\n    \\"payload\\": {\\n        \\"resultItems\\": [\\n            {\\n                \\"message\\": \\"[AartsHandler:processPayloadAsync] Will !!!Invoke Airport:create manager action\\"\\n            }\\n        ]\\n    },\\n    \\"meta\\": {\\n        \\"item\\": \\"Airport\\",\\n        \\"action\\": \\"create\\",\\n        \\"ringToken\\": \\"1602785715148_590657.0348228881\\",\\n        \\"eventSource\\": \\"worker:input:short\\"\\n    }\\n}"\n' +
    ']'
}
2020-10-15T18:15:20.894Z	3b79bd07-6785-15a3-b9fd-b076103612d9	INFO	--->MOCK SNS/MESSAGE START {
  Message: '{"payload":{"resultItems":[{"message":"[AartsHandler:processPayloadAsync] Will !!!Invoke Airport:create manager action"}],"identity":{"username":"akrsmv"}},"meta":{"item":"Airport","action":"create","ringToken":"1602785715148_590657.0348228881","eventSource":"worker:input:short"}}',
  MessageAttributes: {
    eventSource: { DataType: 'String', StringValue: 'worker:output:' },
    jobType: { DataType: 'String', StringValue: 'short' },
    action: { DataType: 'String', StringValue: 'create' },
    item: { DataType: 'String', StringValue: 'Airport' },
    ringToken: {
      DataType: 'String',
      StringValue: '1602785715148_590657.0348228881'
    }
  },
  TopicArn: 'EventsBus45DE4339'
} <---MOCK SNS/MESSAGE END
2020-10-15T18:15:20.894Z	3b79bd07-6785-15a3-b9fd-b076103612d9	INFO	{
  ringTokenSource: '1602785715148_590657.0348228881',
  message: '[\n' +
    '    "[Airport:create] ",\n' +
    '    "{\\n    \\"payload\\": {\\n        \\"resultItems\\": [\\n            {\\n                \\"message\\": \\"[Airport:CREATE] Begin create method. Doing a gate check of payload\\"\\n            }\\n        ]\\n    },\\n    \\"meta\\": {\\n        \\"item\\": \\"Airport\\",\\n        \\"action\\": \\"create\\",\\n        \\"ringToken\\": \\"1602785715148_590657.0348228881\\",\\n        \\"eventSource\\": \\"worker:input:short\\"\\n    }\\n}"\n' +
    ']'
}
2020-10-15T18:15:20.894Z	3b79bd07-6785-15a3-b9fd-b076103612d9	INFO	--->MOCK SNS/MESSAGE START {
  Message: '{"payload":{"resultItems":[{"message":"[Airport:CREATE] Begin create method. Doing a gate check of payload"}],"identity":{"username":"akrsmv"}},"meta":{"item":"Airport","action":"create","ringToken":"1602785715148_590657.0348228881","eventSource":"worker:input:short"}}',
  MessageAttributes: {
    eventSource: { DataType: 'String', StringValue: 'worker:output:' },
    jobType: { DataType: 'String', StringValue: 'short' },
    action: { DataType: 'String', StringValue: 'create' },
    item: { DataType: 'String', StringValue: 'Airport' },
    ringToken: {
      DataType: 'String',
      StringValue: '1602785715148_590657.0348228881'
    }
  },
  TopicArn: 'EventsBus45DE4339'
} <---MOCK SNS/MESSAGE END
2020-10-15T18:15:20.894Z	3b79bd07-6785-15a3-b9fd-b076103612d9	INFO	{
  ringTokenSource: '1602785715148_590657.0348228881',
  message: '[\n' +
    '    "[Airport:create] ",\n' +
    '    "{\\n    \\"payload\\": {\\n        \\"resultItems\\": [\\n            {\\n                \\"message\\": {\\n                    \\"resultItems\\": [\\n                        {\\n                            \\"message\\": \\"[Airport:baseValidateCreate] START. checking for mandatory item keys: {\\\\n    \\\\\\"payload\\\\\\": {\\\\n        \\\\\\"arguments\\\\\\": [\\\\n            {\\\\n                \\\\\\"name\\\\\\": \\\\\\"my org\\\\\\"\\\\n            }\\\\n        ],\\\\n        \\\\\\"identity\\\\\\": {\\\\n            \\\\\\"username\\\\\\": \\\\\\"akrsmv\\\\\\"\\\\n        }\\\\n    },\\\\n    \\\\\\"meta\\\\\\": {\\\\n        \\\\\\"item\\\\\\": \\\\\\"Airport\\\\\\",\\\\n        \\\\\\"action\\\\\\": \\\\\\"create\\\\\\",\\\\n        \\\\\\"ringToken\\\\\\": \\\\\\"1602785715148_590657.0348228881\\\\\\",\\\\n        \\\\\\"eventSource\\\\\\": \\\\\\"worker:input:short\\\\\\"\\\\n    }\\\\n}\\"\\n                        }\\n                    ]\\n                }\\n            }\\n        ]\\n    },\\n    \\"meta\\": {\\n        \\"item\\": \\"Airport\\",\\n        \\"action\\": \\"create\\",\\n        \\"ringToken\\": \\"1602785715148_590657.0348228881\\",\\n        \\"eventSource\\": \\"worker:input:short\\"\\n    }\\n}"\n' +
    ']'
}
2020-10-15T18:15:20.895Z	3b79bd07-6785-15a3-b9fd-b076103612d9	INFO	--->MOCK SNS/MESSAGE START {
  Message: '{"payload":{"resultItems":[{"message":{"resultItems":[{"message":"[Airport:baseValidateCreate] START. checking for mandatory item keys: {\\n    \\"payload\\": {\\n        \\"arguments\\": [\\n            {\\n                \\"name\\": \\"my org\\"\\n            }\\n        ],\\n        \\"identity\\": {\\n            \\"username\\": \\"akrsmv\\"\\n        }\\n    },\\n    \\"meta\\": {\\n        \\"item\\": \\"Airport\\",\\n        \\"action\\": \\"create\\",\\n        \\"ringToken\\": \\"1602785715148_590657.0348228881\\",\\n        \\"eventSource\\": \\"worker:input:short\\"\\n    }\\n}"}]}}],"identity":{"username":"akrsmv"}},"meta":{"item":"Airport","action":"create","ringToken":"1602785715148_590657.0348228881","eventSource":"worker:input:short"}}',
  MessageAttributes: {
    eventSource: { DataType: 'String', StringValue: 'worker:output:' },
    jobType: { DataType: 'String', StringValue: 'short' },
    action: { DataType: 'String', StringValue: 'create' },
    item: { DataType: 'String', StringValue: 'Airport' },
    ringToken: {
      DataType: 'String',
      StringValue: '1602785715148_590657.0348228881'
    }
  },
  TopicArn: 'EventsBus45DE4339'
} <---MOCK SNS/MESSAGE END
2020-10-15T18:15:20.895Z	3b79bd07-6785-15a3-b9fd-b076103612d9	INFO	{
  ringTokenSource: '1602785715148_590657.0348228881',
  message: '[\n' +
    '    "Arguments from payload to be merged with itemToCreate: ",\n' +
    '    {\n' +
    '        "name": "my org",\n' +
    '        "meta": "v_0|Airport",\n' +
    '        "__typename": "Airport",\n' +
    '        "ringToken": "1602785715148_590657.0348228881"\n' +
    '    }\n' +
    ']'
}
2020-10-15T18:15:20.895Z	3b79bd07-6785-15a3-b9fd-b076103612d9	INFO	{
  ringTokenSource: '1602785715148_590657.0348228881',
  message: '[\n' +
    '    "itemToCreate: ",\n' +
    '    "{\\n    \\"airport_size\\": 11,\\n    \\"id\\": \\"Airport|afa7bb8b-b15a-43cc-a23e-9884e4dfb383\\",\\n    \\"meta\\": \\"v_0|Airport\\",\\n    \\"__typename\\": \\"Airport\\",\\n    \\"revisions\\": 0,\\n    \\"date_created\\": \\"2020-10-15T18:15:20.895Z\\",\\n    \\"date_updated\\": \\"2020-10-15T18:15:20.895Z\\",\\n    \\"name\\": \\"my org\\",\\n    \\"ringToken\\": \\"1602785715148_590657.0348228881\\"\\n}"\n' +
    ']'
}
2020-10-15T18:15:20.895Z	3b79bd07-6785-15a3-b9fd-b076103612d9	INFO	{
  ringTokenSource: '1602785715148_590657.0348228881',
  message: '[\n' +
    '    "[Airport:create] ",\n' +
    '    "{\\n    \\"payload\\": {\\n        \\"resultItems\\": [\\n            {\\n                \\"message\\": \\"[Airport:validateCreate] {\\\\n    \\\\\\"resultItems\\\\\\": [\\\\n        {\\\\n            \\\\\\"message\\\\\\": \\\\\\"Voila! A valid airport!\\\\\\"\\\\n        }\\\\n    ]\\\\n}\\"\\n            }\\n        ]\\n    },\\n    \\"meta\\": {\\n        \\"item\\": \\"Airport\\",\\n        \\"action\\": \\"create\\",\\n        \\"ringToken\\": \\"1602785715148_590657.0348228881\\",\\n        \\"eventSource\\": \\"worker:input:short\\"\\n    }\\n}"\n' +
    ']'
}
2020-10-15T18:15:20.895Z	3b79bd07-6785-15a3-b9fd-b076103612d9	INFO	--->MOCK SNS/MESSAGE START {
  Message: '{"payload":{"resultItems":[{"message":"[Airport:validateCreate] {\\n    \\"resultItems\\": [\\n        {\\n            \\"message\\": \\"Voila! A valid airport!\\"\\n        }\\n    ]\\n}"}],"identity":{"username":"akrsmv"}},"meta":{"item":"Airport","action":"create","ringToken":"1602785715148_590657.0348228881","eventSource":"worker:input:short"}}',
  MessageAttributes: {
    eventSource: { DataType: 'String', StringValue: 'worker:output:' },
    jobType: { DataType: 'String', StringValue: 'short' },
    action: { DataType: 'String', StringValue: 'create' },
    item: { DataType: 'String', StringValue: 'Airport' },
    ringToken: {
      DataType: 'String',
      StringValue: '1602785715148_590657.0348228881'
    }
  },
  TopicArn: 'EventsBus45DE4339'
} <---MOCK SNS/MESSAGE END
2020-10-15T18:15:20.896Z	3b79bd07-6785-15a3-b9fd-b076103612d9	INFO	{
  ringTokenSource: '1602785715148_590657.0348228881',
  message: '[\n' +
    '    "valid airport",\n' +
    '    "aaAA",\n' +
    '    {\n' +
    '        "airport_size": 11,\n' +
    '        "id": "Airport|afa7bb8b-b15a-43cc-a23e-9884e4dfb383",\n' +
    '        "meta": "v_0|Airport",\n' +
    '        "__typename": "Airport",\n' +
    '        "revisions": 0,\n' +
    '        "date_created": "2020-10-15T18:15:20.895Z",\n' +
    '        "date_updated": "2020-10-15T18:15:20.895Z",\n' +
    '        "name": "my org",\n' +
    '        "ringToken": "1602785715148_590657.0348228881"\n' +
    '    },\n' +
    '    {\n' +
    '        "tralala": "123"\n' +
    '    },\n' +
    '    5,\n' +
    '    [\n' +
    '        1,\n' +
    '        2,\n' +
    '        3,\n' +
    '        "create something"\n' +
    '    ]\n' +
    ']'
}
2020-10-15T18:15:20.896Z	3b79bd07-6785-15a3-b9fd-b076103612d9	INFO	{
  ringTokenSource: '1602785715148_590657.0348228881',
  message: '[\n' +
    '    "[Airport:create] ",\n' +
    '    "{\\n    \\"payload\\": {\\n        \\"resultItems\\": [\\n            {\\n                \\"message\\": \\"[Airport:validateCreate] {\\\\n    \\\\\\"airport_size\\\\\\": 11,\\\\n    \\\\\\"id\\\\\\": \\\\\\"Airport|afa7bb8b-b15a-43cc-a23e-9884e4dfb383\\\\\\",\\\\n    \\\\\\"meta\\\\\\": \\\\\\"v_0|Airport\\\\\\",\\\\n    \\\\\\"__typename\\\\\\": \\\\\\"Airport\\\\\\",\\\\n    \\\\\\"revisions\\\\\\": 0,\\\\n    \\\\\\"date_created\\\\\\": \\\\\\"2020-10-15T18:15:20.895Z\\\\\\",\\\\n    \\\\\\"date_updated\\\\\\": \\\\\\"2020-10-15T18:15:20.895Z\\\\\\",\\\\n    \\\\\\"name\\\\\\": \\\\\\"my org\\\\\\",\\\\n    \\\\\\"ringToken\\\\\\": \\\\\\"1602785715148_590657.0348228881\\\\\\"\\\\n}\\"\\n            }\\n        ]\\n    },\\n    \\"meta\\": {\\n        \\"item\\": \\"Airport\\",\\n        \\"action\\": \\"create\\",\\n        \\"ringToken\\": \\"1602785715148_590657.0348228881\\",\\n        \\"eventSource\\": \\"worker:input:short\\"\\n    }\\n}"\n' +
    ']'
}
2020-10-15T18:15:20.896Z	3b79bd07-6785-15a3-b9fd-b076103612d9	INFO	--->MOCK SNS/MESSAGE START {
  Message: '{"payload":{"resultItems":[{"message":"[Airport:validateCreate] {\\n    \\"airport_size\\": 11,\\n    \\"id\\": \\"Airport|afa7bb8b-b15a-43cc-a23e-9884e4dfb383\\",\\n    \\"meta\\": \\"v_0|Airport\\",\\n    \\"__typename\\": \\"Airport\\",\\n    \\"revisions\\": 0,\\n    \\"date_created\\": \\"2020-10-15T18:15:20.895Z\\",\\n    \\"date_updated\\": \\"2020-10-15T18:15:20.895Z\\",\\n    \\"name\\": \\"my org\\",\\n    \\"ringToken\\": \\"1602785715148_590657.0348228881\\"\\n}"}],"identity":{"username":"akrsmv"}},"meta":{"item":"Airport","action":"create","ringToken":"1602785715148_590657.0348228881","eventSource":"worker:input:short"}}',
  MessageAttributes: {
    eventSource: { DataType: 'String', StringValue: 'worker:output:' },
    jobType: { DataType: 'String', StringValue: 'short' },
    action: { DataType: 'String', StringValue: 'create' },
    item: { DataType: 'String', StringValue: 'Airport' },
    ringToken: {
      DataType: 'String',
      StringValue: '1602785715148_590657.0348228881'
    }
  },
  TopicArn: 'EventsBus45DE4339'
} <---MOCK SNS/MESSAGE END
2020-10-15T18:15:20.896Z	3b79bd07-6785-15a3-b9fd-b076103612d9	INFO	{
  ringTokenSource: '1602785715148_590657.0348228881',
  message: '[\n' +
    '    "[Airport:create] ",\n' +
    '    "{\\n    \\"payload\\": {\\n        \\"resultItems\\": [\\n            {\\n                \\"message\\": \\"[Airport:CREATE] Item applicable for saving. END.\\"\\n            }\\n        ]\\n    },\\n    \\"meta\\": {\\n        \\"item\\": \\"Airport\\",\\n        \\"action\\": \\"create\\",\\n        \\"ringToken\\": \\"1602785715148_590657.0348228881\\",\\n        \\"eventSource\\": \\"worker:input:short\\"\\n    }\\n}"\n' +
    ']'
}
2020-10-15T18:15:20.896Z	3b79bd07-6785-15a3-b9fd-b076103612d9	INFO	--->MOCK SNS/MESSAGE START {
  Message: '{"payload":{"resultItems":[{"message":"[Airport:CREATE] Item applicable for saving. END."}],"identity":{"username":"akrsmv"}},"meta":{"item":"Airport","action":"create","ringToken":"1602785715148_590657.0348228881","eventSource":"worker:input:short"}}',
  MessageAttributes: {
    eventSource: { DataType: 'String', StringValue: 'worker:output:' },
    jobType: { DataType: 'String', StringValue: 'short' },
    action: { DataType: 'String', StringValue: 'create' },
    item: { DataType: 'String', StringValue: 'Airport' },
    ringToken: {
      DataType: 'String',
      StringValue: '1602785715148_590657.0348228881'
    }
  },
  TopicArn: 'EventsBus45DE4339'
} <---MOCK SNS/MESSAGE END
2020-10-15T18:15:20.896Z	3b79bd07-6785-15a3-b9fd-b076103612d9	INFO	{
  ringTokenSource: '1602785715148_590657.0348228881',
  message: '[\n' +
    '    "[Airport:create] ",\n' +
    '    "{\\n    \\"payload\\": {\\n        \\"resultItems\\": [\\n            {}\\n        ]\\n    },\\n    \\"meta\\": {\\n        \\"item\\": \\"Airport\\",\\n        \\"action\\": \\"create\\",\\n        \\"ringToken\\": \\"1602785715148_590657.0348228881\\",\\n        \\"eventSource\\": \\"worker:input:short\\"\\n    }\\n}"\n' +
    ']'
}
2020-10-15T18:15:20.896Z	3b79bd07-6785-15a3-b9fd-b076103612d9	INFO	--->MOCK SNS/MESSAGE START {
  Message: '{"payload":{"resultItems":[{}],"identity":{"username":"akrsmv"}},"meta":{"item":"Airport","action":"create","ringToken":"1602785715148_590657.0348228881","eventSource":"worker:input:short"}}',
  MessageAttributes: {
    eventSource: { DataType: 'String', StringValue: 'worker:output:' },
    jobType: { DataType: 'String', StringValue: 'short' },
    action: { DataType: 'String', StringValue: 'create' },
    item: { DataType: 'String', StringValue: 'Airport' },
    ringToken: {
      DataType: 'String',
      StringValue: '1602785715148_590657.0348228881'
    }
  },
  TopicArn: 'EventsBus45DE4339'
} <---MOCK SNS/MESSAGE END
2020-10-15T18:15:20.896Z	3b79bd07-6785-15a3-b9fd-b076103612d9	INFO	{
  ringTokenSource: '1602785715148_590657.0348228881',
  message: '[\n' +
    '    "[Airport:create] ",\n' +
    '    "{\\n    \\"payload\\": {\\n        \\"resultItems\\": [\\n            {}\\n        ]\\n    },\\n    \\"meta\\": {\\n        \\"item\\": \\"Airport\\",\\n        \\"action\\": \\"create\\",\\n        \\"ringToken\\": \\"1602785715148_590657.0348228881\\",\\n        \\"eventSource\\": \\"worker:input:short\\"\\n    }\\n}"\n' +
    ']'
}
2020-10-15T18:15:20.897Z	3b79bd07-6785-15a3-b9fd-b076103612d9	INFO	--->MOCK SNS/MESSAGE START {
  Message: '{"payload":{"resultItems":[{}],"identity":{"username":"akrsmv"}},"meta":{"item":"Airport","action":"create","ringToken":"1602785715148_590657.0348228881","eventSource":"worker:input:short"}}',
  MessageAttributes: {
    eventSource: { DataType: 'String', StringValue: 'worker:output:' },
    jobType: { DataType: 'String', StringValue: 'short' },
    action: { DataType: 'String', StringValue: 'create' },
    item: { DataType: 'String', StringValue: 'Airport' },
    ringToken: {
      DataType: 'String',
      StringValue: '1602785715148_590657.0348228881'
    }
  },
  TopicArn: 'EventsBus45DE4339'
} <---MOCK SNS/MESSAGE END
2020-10-15T18:15:20.897Z	3b79bd07-6785-15a3-b9fd-b076103612d9	INFO	{
  ringTokenSource: '1602785715148_590657.0348228881',
  message: '[\n' +
    '    "In transactPutItem. refkeys [\\n    {\\n        \\"key\\": \\"name\\",\\n        \\"unique\\": true\\n    },\\n    {\\n        \\"key\\": \\"country\\",\\n        \\"ref\\": \\"Country\\"\\n    },\\n    {\\n        \\"key\\": \\"airport_size\\"\\n    },\\n    {\\n        \\"key\\": \\"code\\"\\n    },\\n    {\\n        \\"key\\": \\"branch\\"\\n    },\\n    {\\n        \\"key\\": \\"type\\"\\n    },\\n    {\\n        \\"key\\": \\"ringToken\\"\\n    }\\n]"\n' +
    ']'
}
2020-10-15T18:15:20.929Z	3b79bd07-6785-15a3-b9fd-b076103612d9	INFO	{
  ringTokenSource: '1602785715148_590657.0348228881',
  message: '[\n' +
    '    "====DDB==== TransactWriteItemsOutput: ",\n' +
    '    "{\\n    \\"ConsumedCapacity\\": [\\n        {\\n            \\"TableName\\": \\"TEST2\\",\\n            \\"CapacityUnits\\": 24,\\n            \\"WriteCapacityUnits\\": 24\\n        }\\n    ]\\n}"\n' +
    ']'
}
2020-10-15T18:15:20.929Z	3b79bd07-6785-15a3-b9fd-b076103612d9	INFO	{
  ringTokenSource: '1602785715148_590657.0348228881',
  message: '[\n' +
    '    "SAVING TO DYNAMO RESULT: ",\n' +
    '    {\n' +
    '        "airport_size": 11,\n' +
    '        "id": "Airport|afa7bb8b-b15a-43cc-a23e-9884e4dfb383",\n' +
    '        "meta": "v_0|Airport",\n' +
    '        "__typename": "Airport",\n' +
    '        "revisions": 0,\n' +
    '        "date_created": "2020-10-15T18:15:20.895Z",\n' +
    '        "date_updated": "2020-10-15T18:15:20.895Z",\n' +
    '        "name": "my org",\n' +
    '        "ringToken": "1602785715148_590657.0348228881"\n' +
    '    }\n' +
    ']'
}
2020-10-15T18:15:20.929Z	3b79bd07-6785-15a3-b9fd-b076103612d9	INFO	{
  ringTokenSource: '1602785715148_590657.0348228881',
  message: '[\n' +
    '    "[Airport:create] ",\n' +
    '    "{\\n    \\"payload\\": {\\n        \\"resultItems\\": [\\n            {}\\n        ]\\n    },\\n    \\"meta\\": {\\n        \\"item\\": \\"Airport\\",\\n        \\"action\\": \\"create\\",\\n        \\"ringToken\\": \\"1602785715148_590657.0348228881\\",\\n        \\"eventSource\\": \\"worker:input:short\\"\\n    }\\n}"\n' +
    ']'
}
2020-10-15T18:15:20.930Z	3b79bd07-6785-15a3-b9fd-b076103612d9	INFO	--->MOCK SNS/MESSAGE START {
  Message: '{"payload":{"resultItems":[{}],"identity":{"username":"akrsmv"}},"meta":{"item":"Airport","action":"create","ringToken":"1602785715148_590657.0348228881","eventSource":"worker:input:short"}}',
  MessageAttributes: {
    eventSource: { DataType: 'String', StringValue: 'worker:output:' },
    jobType: { DataType: 'String', StringValue: 'short' },
    action: { DataType: 'String', StringValue: 'create' },
    item: { DataType: 'String', StringValue: 'Airport' },
    ringToken: {
      DataType: 'String',
      StringValue: '1602785715148_590657.0348228881'
    }
  },
  TopicArn: 'EventsBus45DE4339'
} <---MOCK SNS/MESSAGE END
2020-10-15T18:15:20.930Z	3b79bd07-6785-15a3-b9fd-b076103612d9	INFO	{
  ringTokenSource: '1602785715148_590657.0348228881',
  message: '[\n' +
    '    "[Airport:create] ",\n' +
    '    "{\\n    \\"payload\\": {\\n        \\"resultItems\\": [\\n            {}\\n        ]\\n    },\\n    \\"meta\\": {\\n        \\"item\\": \\"Airport\\",\\n        \\"action\\": \\"create\\",\\n        \\"ringToken\\": \\"1602785715148_590657.0348228881\\",\\n        \\"eventSource\\": \\"worker:input:short\\"\\n    }\\n}"\n' +
    ']'
}
2020-10-15T18:15:20.930Z	3b79bd07-6785-15a3-b9fd-b076103612d9	INFO	--->MOCK SNS/MESSAGE START {
  Message: '{"payload":{"resultItems":[{}],"identity":{"username":"akrsmv"}},"meta":{"item":"Airport","action":"create","ringToken":"1602785715148_590657.0348228881","eventSource":"worker:input:short"}}',
  MessageAttributes: {
    eventSource: { DataType: 'String', StringValue: 'worker:output:' },
    jobType: { DataType: 'String', StringValue: 'short' },
    action: { DataType: 'String', StringValue: 'create' },
    item: { DataType: 'String', StringValue: 'Airport' },
    ringToken: {
      DataType: 'String',
      StringValue: '1602785715148_590657.0348228881'
    }
  },
  TopicArn: 'EventsBus45DE4339'
} <---MOCK SNS/MESSAGE END
2020-10-15T18:15:20.930Z	3b79bd07-6785-15a3-b9fd-b076103612d9	INFO	{
  ringTokenSource: '1602785715148_590657.0348228881',
  message: '[\n' +
    '    "[Airport:create] ",\n' +
    '    "{\\n    \\"payload\\": {\\n        \\"resultItems\\": [\\n            {\\n                \\"airport_size\\": 11,\\n                \\"id\\": \\"Airport|afa7bb8b-b15a-43cc-a23e-9884e4dfb383\\",\\n                \\"meta\\": \\"v_0|Airport\\",\\n                \\"__typename\\": \\"Airport\\",\\n                \\"revisions\\": 0,\\n                \\"date_created\\": \\"2020-10-15T18:15:20.895Z\\",\\n                \\"date_updated\\": \\"2020-10-15T18:15:20.895Z\\",\\n                \\"name\\": \\"my org\\",\\n                \\"ringToken\\": \\"1602785715148_590657.0348228881\\"\\n            }\\n        ]\\n    },\\n    \\"meta\\": {\\n        \\"item\\": \\"Airport\\",\\n        \\"action\\": \\"create\\",\\n        \\"ringToken\\": \\"1602785715148_590657.0348228881\\",\\n        \\"eventSource\\": \\"worker:input:short\\"\\n    }\\n}"\n' +
    ']'
}
2020-10-15T18:15:20.930Z	3b79bd07-6785-15a3-b9fd-b076103612d9	INFO	--->MOCK SNS/MESSAGE START {
  Message: '{"payload":{"resultItems":[{"airport_size":11,"id":"Airport|afa7bb8b-b15a-43cc-a23e-9884e4dfb383","meta":"v_0|Airport","__typename":"Airport","revisions":0,"date_created":"2020-10-15T18:15:20.895Z","date_updated":"2020-10-15T18:15:20.895Z","name":"my org","ringToken":"1602785715148_590657.0348228881"}],"identity":{"username":"akrsmv"}},"meta":{"item":"Airport","action":"create","ringToken":"1602785715148_590657.0348228881","eventSource":"worker:input:short"}}',
  MessageAttributes: {
    eventSource: { DataType: 'String', StringValue: 'worker:output:' },
    jobType: { DataType: 'String', StringValue: 'short' },
    action: { DataType: 'String', StringValue: 'create' },
    item: { DataType: 'String', StringValue: 'Airport' },
    ringToken: {
      DataType: 'String',
      StringValue: '1602785715148_590657.0348228881'
    }
  },
  TopicArn: 'EventsBus45DE4339'
} <---MOCK SNS/MESSAGE END
2020-10-15T18:15:20.930Z	3b79bd07-6785-15a3-b9fd-b076103612d9	INFO	{
  ringTokenSource: '1602785715148_590657.0348228881',
  message: '[\n' +
    '    "[Airport:create] ",\n' +
    '    "{\\n    \\"payload\\": {\\n        \\"resultItems\\": [\\n            {\\n                \\"airport_size\\": 11,\\n                \\"id\\": \\"Airport|afa7bb8b-b15a-43cc-a23e-9884e4dfb383\\",\\n                \\"meta\\": \\"v_0|Airport\\",\\n                \\"__typename\\": \\"Airport\\",\\n                \\"revisions\\": 0,\\n                \\"date_created\\": \\"2020-10-15T18:15:20.895Z\\",\\n                \\"date_updated\\": \\"2020-10-15T18:15:20.895Z\\",\\n                \\"name\\": \\"my org\\",\\n                \\"ringToken\\": \\"1602785715148_590657.0348228881\\"\\n            }\\n        ]\\n    },\\n    \\"meta\\": {\\n        \\"item\\": \\"Airport\\",\\n        \\"action\\": \\"create\\",\\n        \\"ringToken\\": \\"1602785715148_590657.0348228881\\",\\n        \\"eventSource\\": \\"worker:input:short\\"\\n    }\\n}"\n' +
    ']'
}
2020-10-15T18:15:20.930Z	3b79bd07-6785-15a3-b9fd-b076103612d9	INFO	--->MOCK SNS/MESSAGE START {
  Message: '{"payload":{"resultItems":[{"airport_size":11,"id":"Airport|afa7bb8b-b15a-43cc-a23e-9884e4dfb383","meta":"v_0|Airport","__typename":"Airport","revisions":0,"date_created":"2020-10-15T18:15:20.895Z","date_updated":"2020-10-15T18:15:20.895Z","name":"my org","ringToken":"1602785715148_590657.0348228881"}],"identity":{"username":"akrsmv"}},"meta":{"item":"Airport","action":"create","ringToken":"1602785715148_590657.0348228881","eventSource":"worker:input:short"}}',
  MessageAttributes: {
    eventSource: { DataType: 'String', StringValue: 'worker:output:' },
    jobType: { DataType: 'String', StringValue: 'short' },
    action: { DataType: 'String', StringValue: 'create' },
    item: { DataType: 'String', StringValue: 'Airport' },
    ringToken: {
      DataType: 'String',
      StringValue: '1602785715148_590657.0348228881'
    }
  },
  TopicArn: 'EventsBus45DE4339'
} <---MOCK SNS/MESSAGE END
2020-10-15T18:15:20.930Z	3b79bd07-6785-15a3-b9fd-b076103612d9	INFO	{
  ringTokenSource: '1602785715148_590657.0348228881',
  message: '[\n' +
    '    "returning from AartsSQSHandler.processPayload {\\n    \\"payload\\": {\\n        \\"resultItems\\": [\\n            {\\n                \\"airport_size\\": 11,\\n                \\"id\\": \\"Airport|afa7bb8b-b15a-43cc-a23e-9884e4dfb383\\",\\n                \\"meta\\": \\"v_0|Airport\\",\\n                \\"__typename\\": \\"Airport\\",\\n                \\"revisions\\": 0,\\n                \\"date_created\\": \\"2020-10-15T18:15:20.895Z\\",\\n                \\"date_updated\\": \\"2020-10-15T18:15:20.895Z\\",\\n                \\"name\\": \\"my org\\",\\n                \\"ringToken\\": \\"1602785715148_590657.0348228881\\"\\n            }\\n        ]\\n    },\\n    \\"meta\\": {\\n        \\"item\\": \\"Airport\\",\\n        \\"action\\": \\"create\\",\\n        \\"ringToken\\": \\"1602785715148_590657.0348228881\\",\\n        \\"eventSource\\": \\"worker:input:short\\"\\n    }\\n}"\n' +
    ']'
}
[32mEND RequestId: 3b79bd07-6785-15a3-b9fd-b076103612d9[0m
[32mREPORT RequestId: 3b79bd07-6785-15a3-b9fd-b076103612d9	Init Duration: 378.24 ms	Duration: 44.65 ms	Billed Duration: 100 ms	Memory Size: 256 MB	Max Memory Used: 74 MB	[0m

{"payload":{"resultItems":[{"airport_size":11,"id":"Airport|afa7bb8b-b15a-43cc-a23e-9884e4dfb383","meta":"v_0|Airport","__typename":"Airport","revisions":0,"date_created":"2020-10-15T18:15:20.895Z","date_updated":"2020-10-15T18:15:20.895Z","name":"my org","ringToken":"1602785715148_590657.0348228881"}],"identity":{"username":"akrsmv"}},"meta":{"item":"Airport","action":"create","ringToken":"1602785715148_590657.0348228881","eventSource":"worker:input:short"}}
