Reading invoke payload from stdin (you can also pass it from file with --event)
Invoking index.dispatcher (nodejs12.x)
airtoursappsyncModulesBEED5E65 is a local Layer in the template
Building image...........
Skip pulling image and use local one: samcli/lambda:nodejs12.x-bf22e263f46417f440b096b12.

Mounting /home/akrsmv/aarts-all/example-app/airtours-appsync/airtours-appsync/dist as /var/task:ro,delegated inside runtime container
[32mSTART RequestId: 162e2a47-2083-141d-22f4-45ebafe59d47 Version: $LATEST[0m
2020-10-15T18:10:10.854Z	162e2a47-2083-141d-22f4-45ebafe59d47	INFO	{
  ringTokenSource: undefined,
  message: '[\n' +
    '    "generated ring token: 6a564dc4-a1d5-493b-b965-9bd68a73c366 for received event",\n' +
    '    {\n' +
    '        "action": "create",\n' +
    '        "item": "Airport",\n' +
    '        "jobType": "short",\n' +
    '        "arguments": {\n' +
    '            "name": "my org"\n' +
    '        },\n' +
    '        "identity": {\n' +
    '            "username": "akrsmv"\n' +
    '        }\n' +
    '    }\n' +
    ']'
}
2020-10-15T18:10:10.855Z	162e2a47-2083-141d-22f4-45ebafe59d47	INFO	{
    "Records": [
        {
            "messageId": "19dd0b57-b21e-4ac1-bd88-01bbb068cb78",
            "receiptHandle": "MessageReceiptHandle",
            "body": "{\"payload\":{\"action\":\"create\",\"item\":\"Airport\",\"jobType\":\"short\",\"arguments\":{\"name\":\"my org\"},\"identity\":{\"username\":\"akrsmv\"}}}",
            "attributes": {
                "ApproximateReceiveCount": "1",
                "SentTimestamp": "1523232000000",
                "SenderId": "123456789012",
                "ApproximateFirstReceiveTimestamp": "1523232000001"
            },
            "messageAttributes": {
                "eventSource": {
                    "dataType": "String",
                    "stringValue": "worker:input:short"
                },
                "action": {
                    "dataType": "String",
                    "stringValue": "create"
                },
                "item": {
                    "dataType": "String",
                    "stringValue": "Airport"
                },
                "ringToken": {
                    "dataType": "String",
                    "stringValue": "6a564dc4-a1d5-493b-b965-9bd68a73c366"
                }
            },
            "md5OfBody": "7b270e59b47ff90a553787216d55d91d",
            "eventSource": "aws:sqs",
            "eventSourceARN": "arn:aws:sqs:us-east-1:123456789012:MyQueue",
            "awsRegion": "us-east-1"
        }
    ]
}
2020-10-15T18:10:10.855Z	162e2a47-2083-141d-22f4-45ebafe59d47	INFO	{
  ringTokenSource: undefined,
  message: '[\n    "AWS_SAM_LOCAL INVOCATION. INVOKING SYNCHRONOUSLY SQS HANDLER"\n]'
}
2020-10-15T18:10:10.855Z	162e2a47-2083-141d-22f4-45ebafe59d47	INFO	{
  ringTokenSource: undefined,
  message: '[\n' +
    '    "AWS_SAM_LOCAL INVOCATION. SQS HANDLER FUNCTION NAME IS airtoursappsyncHandlerShortWorker8BBC8914"\n' +
    ']'
}
2020-10-15T18:10:10.856Z	162e2a47-2083-141d-22f4-45ebafe59d47	INFO	{
  ringTokenSource: undefined,
  message: '[\n' +
    '    "sqsEVENT simulated: ",\n' +
    '    "{\\"Records\\":[{\\"messageId\\":\\"19dd0b57-b21e-4ac1-bd88-01bbb068cb78\\",\\"receiptHandle\\":\\"MessageReceiptHandle\\",\\"body\\":\\"{\\\\\\"payload\\\\\\":{\\\\\\"action\\\\\\":\\\\\\"create\\\\\\",\\\\\\"item\\\\\\":\\\\\\"Airport\\\\\\",\\\\\\"jobType\\\\\\":\\\\\\"short\\\\\\",\\\\\\"arguments\\\\\\":{\\\\\\"name\\\\\\":\\\\\\"my org\\\\\\"},\\\\\\"identity\\\\\\":{\\\\\\"username\\\\\\":\\\\\\"akrsmv\\\\\\"}}}\\",\\"attributes\\":{\\"ApproximateReceiveCount\\":\\"1\\",\\"SentTimestamp\\":\\"1523232000000\\",\\"SenderId\\":\\"123456789012\\",\\"ApproximateFirstReceiveTimestamp\\":\\"1523232000001\\"},\\"messageAttributes\\":{\\"eventSource\\":{\\"dataType\\":\\"String\\",\\"stringValue\\":\\"worker:input:short\\"},\\"action\\":{\\"dataType\\":\\"String\\",\\"stringValue\\":\\"create\\"},\\"item\\":{\\"dataType\\":\\"String\\",\\"stringValue\\":\\"Airport\\"},\\"ringToken\\":{\\"dataType\\":\\"String\\",\\"stringValue\\":\\"6a564dc4-a1d5-493b-b965-9bd68a73c366\\"}},\\"md5OfBody\\":\\"7b270e59b47ff90a553787216d55d91d\\",\\"eventSource\\":\\"aws:sqs\\",\\"eventSourceARN\\":\\"arn:aws:sqs:us-east-1:123456789012:MyQueue\\",\\"awsRegion\\":\\"us-east-1\\"}]}"\n' +
    ']'
}
Function 'EventsDispatcher09BE5065' timed out after 10 seconds
